[2014-09-14 08:12:33] myapp.INFO: Matched route "GET_users" (parameters: "_controller": "{}", "_route": "GET_users") [] []
[2014-09-14 08:12:33] myapp.INFO: > GET /TuneMelt/PHPHeroku/web/api/users [] []
[2014-09-14 08:12:33] myapp.DEBUG:  [] []
[2014-09-14 08:12:33] myapp.CRITICAL: LogicException: The controller must return a response (null given). Did you forget to add a return statement somewhere in your controller? (uncaught exception) at /Users/Benjamin/Sites/TuneMelt/PHPHeroku/vendor/symfony/http-kernel/Symfony/Component/HttpKernel/HttpKernel.php line 163 {"exception":"[object] (LogicException: The controller must return a response (null given). Did you forget to add a return statement somewhere in your controller? at /Users/Benjamin/Sites/TuneMelt/PHPHeroku/vendor/symfony/http-kernel/Symfony/Component/HttpKernel/HttpKernel.php:163)"} []
[2014-09-14 08:12:34] myapp.INFO: < 500 [] []
[2014-09-14 08:12:47] myapp.INFO: Matched route "GET_users" (parameters: "_controller": "{}", "_route": "GET_users") [] []
[2014-09-14 08:12:47] myapp.INFO: > GET /TuneMelt/PHPHeroku/web/api/users [] []
[2014-09-14 08:12:47] myapp.DEBUG: Array [] []
[2014-09-14 08:12:47] myapp.CRITICAL: LogicException: The controller must return a response (null given). Did you forget to add a return statement somewhere in your controller? (uncaught exception) at /Users/Benjamin/Sites/TuneMelt/PHPHeroku/vendor/symfony/http-kernel/Symfony/Component/HttpKernel/HttpKernel.php line 163 {"exception":"[object] (LogicException: The controller must return a response (null given). Did you forget to add a return statement somewhere in your controller? at /Users/Benjamin/Sites/TuneMelt/PHPHeroku/vendor/symfony/http-kernel/Symfony/Component/HttpKernel/HttpKernel.php:163)"} []
[2014-09-14 08:12:47] myapp.INFO: < 500 [] []
[2014-09-14 08:13:58] myapp.INFO: Matched route "GET_users" (parameters: "_controller": "{}", "_route": "GET_users") [] []
[2014-09-14 08:13:58] myapp.INFO: > GET /TuneMelt/PHPHeroku/web/api/users [] []
[2014-09-14 08:13:58] myapp.DEBUG: 12 [] []
[2014-09-14 08:13:58] myapp.CRITICAL: LogicException: The controller must return a response (null given). Did you forget to add a return statement somewhere in your controller? (uncaught exception) at /Users/Benjamin/Sites/TuneMelt/PHPHeroku/vendor/symfony/http-kernel/Symfony/Component/HttpKernel/HttpKernel.php line 163 {"exception":"[object] (LogicException: The controller must return a response (null given). Did you forget to add a return statement somewhere in your controller? at /Users/Benjamin/Sites/TuneMelt/PHPHeroku/vendor/symfony/http-kernel/Symfony/Component/HttpKernel/HttpKernel.php:163)"} []
[2014-09-14 08:13:58] myapp.INFO: < 500 [] []
[2014-09-14 08:15:42] myapp.INFO: Matched route "GET_users" (parameters: "_controller": "{}", "_route": "GET_users") [] []
[2014-09-14 08:15:42] myapp.INFO: > GET /TuneMelt/PHPHeroku/web/api/users [] []
[2014-09-14 08:15:42] myapp.DEBUG: 12 [] []
[2014-09-14 08:15:42] myapp.INFO: {"User1":{"city":"Amsterdam","venue":"paradeso","email":"some-email","about":"someInfo about"},"User2":{"city":"Amsterdam","venue":"paradeso","email":"some-email","about":"someInfo about"},"User3":{"city":"Amsterdam","venue":"paradeso","email":"some-email","about":"someInfo about"},"User4":{"city":"Amsterdam","venue":"paradeso","email":"some-email","about":"someInfo about"},"User5":{"city":"Amsterdam","venue":"paradeso","email":"some-email","about":"someInfo about"},"User6":{"city":"Amsterdam","venue":"paradeso","email":"some-email","about":"someInfo about"},"User7":{"city":"Amsterdam","venue":"paradeso","email":"some-email","about":"someInfo about"},"User8":{"city":"Amsterdam","venue":"paradeso","email":"some-email","about":"someInfo about"},"User9":{"city":"Amsterdam","venue":"paradeso","email":"some-email","about":"someInfo about"},"User10":{"city":"Amsterdam","venue":"paradeso","email":"some-email","about":"someInfo about"},"User11":{"city":"Amsterdam","venue":"paradeso","email":"some-email","about":"someInfo about"},"User12":{"city":"Amsterdam","venue":"paradeso","email":"some-email","about":"someInfo about"}} [] []
[2014-09-14 08:15:42] myapp.CRITICAL: LogicException: The controller must return a response (null given). Did you forget to add a return statement somewhere in your controller? (uncaught exception) at /Users/Benjamin/Sites/TuneMelt/PHPHeroku/vendor/symfony/http-kernel/Symfony/Component/HttpKernel/HttpKernel.php line 163 {"exception":"[object] (LogicException: The controller must return a response (null given). Did you forget to add a return statement somewhere in your controller? at /Users/Benjamin/Sites/TuneMelt/PHPHeroku/vendor/symfony/http-kernel/Symfony/Component/HttpKernel/HttpKernel.php:163)"} []
[2014-09-14 08:15:42] myapp.INFO: < 500 [] []
[2014-09-14 08:16:49] myapp.INFO: Matched route "GET_users" (parameters: "_controller": "{}", "_route": "GET_users") [] []
[2014-09-14 08:16:49] myapp.INFO: > GET /TuneMelt/PHPHeroku/web/api/users [] []
[2014-09-14 08:16:49] myapp.DEBUG: 12 [] []
[2014-09-14 08:16:49] myapp.INFO: {"User1":{"city":"Amsterdam","venue":"paradeso","email":"some-email","about":"someInfo about"},"User2":{"city":"Amsterdam","venue":"paradeso","email":"some-email","about":"someInfo about"},"User3":{"city":"Amsterdam","venue":"paradeso","email":"some-email","about":"someInfo about"},"User4":{"city":"Amsterdam","venue":"paradeso","email":"some-email","about":"someInfo about"},"User5":{"city":"Amsterdam","venue":"paradeso","email":"some-email","about":"someInfo about"},"User6":{"city":"Amsterdam","venue":"paradeso","email":"some-email","about":"someInfo about"},"User7":{"city":"Amsterdam","venue":"paradeso","email":"some-email","about":"someInfo about"},"User8":{"city":"Amsterdam","venue":"paradeso","email":"some-email","about":"someInfo about"},"User9":{"city":"Amsterdam","venue":"paradeso","email":"some-email","about":"someInfo about"},"User10":{"city":"Amsterdam","venue":"paradeso","email":"some-email","about":"someInfo about"},"User11":{"city":"Amsterdam","venue":"paradeso","email":"some-email","about":"someInfo about"},"User12":{"city":"Amsterdam","venue":"paradeso","email":"some-email","about":"someInfo about"}} [] []
[2014-09-14 08:16:49] myapp.CRITICAL: LogicException: The controller must return a response (null given). Did you forget to add a return statement somewhere in your controller? (uncaught exception) at /Users/Benjamin/Sites/TuneMelt/PHPHeroku/vendor/symfony/http-kernel/Symfony/Component/HttpKernel/HttpKernel.php line 163 {"exception":"[object] (LogicException: The controller must return a response (null given). Did you forget to add a return statement somewhere in your controller? at /Users/Benjamin/Sites/TuneMelt/PHPHeroku/vendor/symfony/http-kernel/Symfony/Component/HttpKernel/HttpKernel.php:163)"} []
[2014-09-14 08:16:49] myapp.INFO: < 500 [] []
[2014-09-14 08:17:25] myapp.INFO: Matched route "GET_users" (parameters: "_controller": "{}", "_route": "GET_users") [] []
[2014-09-14 08:17:25] myapp.INFO: > GET /TuneMelt/PHPHeroku/web/api/users [] []
[2014-09-14 08:17:25] myapp.DEBUG: 12 [] []
[2014-09-14 08:17:25] myapp.INFO: {"User1":{"city":"Amsterdam","venue":"paradeso","email":"some-email","about":"someInfo about"},"User2":{"city":"Amsterdam","venue":"paradeso","email":"some-email","about":"someInfo about"},"User3":{"city":"Amsterdam","venue":"paradeso","email":"some-email","about":"someInfo about"},"User4":{"city":"Amsterdam","venue":"paradeso","email":"some-email","about":"someInfo about"},"User5":{"city":"Amsterdam","venue":"paradeso","email":"some-email","about":"someInfo about"},"User6":{"city":"Amsterdam","venue":"paradeso","email":"some-email","about":"someInfo about"},"User7":{"city":"Amsterdam","venue":"paradeso","email":"some-email","about":"someInfo about"},"User8":{"city":"Amsterdam","venue":"paradeso","email":"some-email","about":"someInfo about"},"User9":{"city":"Amsterdam","venue":"paradeso","email":"some-email","about":"someInfo about"},"User10":{"city":"Amsterdam","venue":"paradeso","email":"some-email","about":"someInfo about"},"User11":{"city":"Amsterdam","venue":"paradeso","email":"some-email","about":"someInfo about"},"User12":{"city":"Amsterdam","venue":"paradeso","email":"some-email","about":"someInfo about"}} [] []
[2014-09-14 08:17:25] myapp.CRITICAL: LogicException: The controller must return a response (null given). Did you forget to add a return statement somewhere in your controller? (uncaught exception) at /Users/Benjamin/Sites/TuneMelt/PHPHeroku/vendor/symfony/http-kernel/Symfony/Component/HttpKernel/HttpKernel.php line 163 {"exception":"[object] (LogicException: The controller must return a response (null given). Did you forget to add a return statement somewhere in your controller? at /Users/Benjamin/Sites/TuneMelt/PHPHeroku/vendor/symfony/http-kernel/Symfony/Component/HttpKernel/HttpKernel.php:163)"} []
[2014-09-14 08:17:25] myapp.INFO: < 500 [] []
[2014-09-14 08:17:37] myapp.INFO: Matched route "GET_users" (parameters: "_controller": "{}", "_route": "GET_users") [] []
[2014-09-14 08:17:37] myapp.INFO: > GET /TuneMelt/PHPHeroku/web/api/users [] []
[2014-09-14 08:17:37] myapp.DEBUG: 12 [] []
[2014-09-14 08:17:37] myapp.INFO: {"User1":{"city":"Amsterdam","venue":"paradeso","email":"some-email","about":"someInfo about"},"User2":{"city":"Amsterdam","venue":"paradeso","email":"some-email","about":"someInfo about"},"User3":{"city":"Amsterdam","venue":"paradeso","email":"some-email","about":"someInfo about"},"User4":{"city":"Amsterdam","venue":"paradeso","email":"some-email","about":"someInfo about"},"User5":{"city":"Amsterdam","venue":"paradeso","email":"some-email","about":"someInfo about"},"User6":{"city":"Amsterdam","venue":"paradeso","email":"some-email","about":"someInfo about"},"User7":{"city":"Amsterdam","venue":"paradeso","email":"some-email","about":"someInfo about"},"User8":{"city":"Amsterdam","venue":"paradeso","email":"some-email","about":"someInfo about"},"User9":{"city":"Amsterdam","venue":"paradeso","email":"some-email","about":"someInfo about"},"User10":{"city":"Amsterdam","venue":"paradeso","email":"some-email","about":"someInfo about"},"User11":{"city":"Amsterdam","venue":"paradeso","email":"some-email","about":"someInfo about"},"User12":{"city":"Amsterdam","venue":"paradeso","email":"some-email","about":"someInfo about"}} [] []
[2014-09-14 08:17:37] myapp.CRITICAL: LogicException: The controller must return a response (null given). Did you forget to add a return statement somewhere in your controller? (uncaught exception) at /Users/Benjamin/Sites/TuneMelt/PHPHeroku/vendor/symfony/http-kernel/Symfony/Component/HttpKernel/HttpKernel.php line 163 {"exception":"[object] (LogicException: The controller must return a response (null given). Did you forget to add a return statement somewhere in your controller? at /Users/Benjamin/Sites/TuneMelt/PHPHeroku/vendor/symfony/http-kernel/Symfony/Component/HttpKernel/HttpKernel.php:163)"} []
[2014-09-14 08:17:37] myapp.INFO: < 500 [] []
[2014-09-14 08:19:12] myapp.INFO: Matched route "GET_users" (parameters: "_controller": "{}", "_route": "GET_users") [] []
[2014-09-14 08:19:12] myapp.INFO: > GET /TuneMelt/PHPHeroku/web/api/users [] []
[2014-09-14 08:19:12] myapp.DEBUG: 12 [] []
[2014-09-14 08:19:12] myapp.INFO: {"User1":{"city":"Amsterdam","venue":"paradeso","email":"some-email","about":"someInfo about"},"User2":{"city":"Amsterdam","venue":"paradeso","email":"some-email","about":"someInfo about"},"User3":{"city":"Amsterdam","venue":"paradeso","email":"some-email","about":"someInfo about"},"User4":{"city":"Amsterdam","venue":"paradeso","email":"some-email","about":"someInfo about"},"User5":{"city":"Amsterdam","venue":"paradeso","email":"some-email","about":"someInfo about"},"User6":{"city":"Amsterdam","venue":"paradeso","email":"some-email","about":"someInfo about"},"User7":{"city":"Amsterdam","venue":"paradeso","email":"some-email","about":"someInfo about"},"User8":{"city":"Amsterdam","venue":"paradeso","email":"some-email","about":"someInfo about"},"User9":{"city":"Amsterdam","venue":"paradeso","email":"some-email","about":"someInfo about"},"User10":{"city":"Amsterdam","venue":"paradeso","email":"some-email","about":"someInfo about"},"User11":{"city":"Amsterdam","venue":"paradeso","email":"some-email","about":"someInfo about"},"User12":{"city":"Amsterdam","venue":"paradeso","email":"some-email","about":"someInfo about"}} [] []
[2014-09-14 08:19:12] myapp.CRITICAL: LogicException: The controller must return a response (null given). Did you forget to add a return statement somewhere in your controller? (uncaught exception) at /Users/Benjamin/Sites/TuneMelt/PHPHeroku/vendor/symfony/http-kernel/Symfony/Component/HttpKernel/HttpKernel.php line 163 {"exception":"[object] (LogicException: The controller must return a response (null given). Did you forget to add a return statement somewhere in your controller? at /Users/Benjamin/Sites/TuneMelt/PHPHeroku/vendor/symfony/http-kernel/Symfony/Component/HttpKernel/HttpKernel.php:163)"} []
[2014-09-14 08:19:12] myapp.INFO: < 500 [] []
